LIB/ASC.E.S
LIB/ASC.H.S
LIB/ASC.S
LIB/CMP.H.S
LIB/CNVANDCHCK.E.S
LIB/CNVANDCHCK.S
LIB/DATETIME.E.S
LIB/DATETIME.H.S
LIB/DATETIME.S
LIB/DATI.H.S
LIB/DEBUG.S
LIB/FORMS.E.S
LIB/FORMS.H.S
LIB/FORMS.S
LIB/INOUTDATA.E.S
LIB/INOUTDATA.H.S
LIB/INOUTDATA.S
LIB/MACRO.H.S
LIB/MEM.E.S
LIB/MEM.H.S
LIB/MEM.S
LIB/MONITOR.H.S
LIB/PRINT.H.S
LIB/PRINT.S
LIB/PRODOS.H.S
LIB/STR.E.S
LIB/STR.H.S
LIB/STR.S
LIB/TIMEII.E.S
LIB/TIMEII.H.S
LIB/TIMEII.S
LIB/UTILS.H.S
LIBCFG/ASC.O.S
LIBCFG/CNVANDCHCK.O.S
LIBCFG/DATETIME.O.S
LIBCFG/FORMS.O.S
LIBCFG/INOUTDATA.O.S
LIBCFG/MEM.O.S
LIBCFG/STR.O.S
LIBCFG/TIMEII.O.S
INSTUI.E.S
INSTUI.H.S
INSTUI.S
INCLUDES.H.S
INSTALL.E.S
INSTALL.S
MAIN.E.S
MAIN.S
SETDATE.E.S
SETDATE.S
TIMEII.INST.S
TIMEII.SYSTEM.S
TIMEIISETUP.S
MEMALLOC.H.S
